This file contains any messages produced by compilers while
running configure, to aid debugging if configure makes a mistake.

It was created by FTGL configure 2.1.3~rc5, which was
generated by GNU Autoconf 2.68.  Invocation command line was

  $ ./configure --enable-shared=no --enable-static=yes --host=x86_64

## --------- ##
## Platform. ##
## --------- ##

hostname = cmc-mbp17.local
uname -m = x86_64
uname -r = 13.0.0
uname -s = Darwin
uname -v = Darwin Kernel Version 13.0.0: Thu Sep 19 22:22:27 PDT 2013; root:xnu-2422.1.72~6/RELEASE_X86_64

/usr/bin/uname -p = i386
/bin/uname -X     = unknown

/bin/arch              = unknown
/usr/bin/arch -k       = unknown
/usr/convex/getsysinfo = unknown
/usr/bin/hostinfo      = Mach kernel version:
	 Darwin Kernel Version 13.0.0: Thu Sep 19 22:22:27 PDT 2013; root:xnu-2422.1.72~6/RELEASE_X86_64
Kernel configured for up to 8 processors.
4 processors are physically available.
8 processors are logically available.
Processor type: i486 (Intel 80486)
Processors active: 0 1 2 3 4 5 6 7
Primary memory available: 16.00 gigabytes
Default processor set: 205 tasks, 1046 threads, 8 processors
Load average: 2.16, Mach factor: 5.83
/bin/machine           = unknown
/usr/bin/oslevel       = unknown
/bin/universe          = unknown

PATH: /usr/bin
PATH: /bin
PATH: /usr/sbin
PATH: /sbin
PATH: /usr/local/bin
PATH: /opt/X11/bin
PATH: /Developer/android/android-ndk-r9
PATH: /Developer/Android/android-sdk-mac_x86/platform-tools
PATH: /Developer/Android/android-sdk-mac_x86/tools


## ----------- ##
## Core tests. ##
## ----------- ##

configure:2293: checking for a BSD-compatible install
configure:2361: result: /usr/bin/install -c
configure:2372: checking whether build environment is sane
configure:2422: result: yes
configure:2471: checking for x86_64-strip
configure:2501: result: no
configure:2511: checking for strip
configure:2527: found /usr/bin/strip
configure:2538: result: strip
configure:2563: checking for a thread-safe mkdir -p
configure:2602: result: .auto/install-sh -c -d
configure:2615: checking for gawk
configure:2645: result: no
configure:2615: checking for mawk
configure:2645: result: no
configure:2615: checking for nawk
configure:2645: result: no
configure:2615: checking for awk
configure:2631: found /usr/bin/awk
configure:2642: result: awk
configure:2653: checking whether make sets $(MAKE)
configure:2675: result: yes
configure:2753: checking build system type
configure:2767: result: i386-apple-darwin13.0.0
configure:2787: checking host system type
configure:2800: result: x86_64-pc-none
configure:2832: checking for style of include used by make
configure:2860: result: GNU
configure:2917: checking for x86_64-g++
configure:2947: result: no
configure:2917: checking for x86_64-c++
configure:2947: result: no
configure:2917: checking for x86_64-gpp
configure:2947: result: no
configure:2917: checking for x86_64-aCC
configure:2947: result: no
configure:2917: checking for x86_64-CC
configure:2947: result: no
configure:2917: checking for x86_64-cxx
configure:2947: result: no
configure:2917: checking for x86_64-cc++
configure:2947: result: no
configure:2917: checking for x86_64-cl.exe
configure:2947: result: no
configure:2917: checking for x86_64-FCC
configure:2947: result: no
configure:2917: checking for x86_64-KCC
configure:2947: result: no
configure:2917: checking for x86_64-RCC
configure:2947: result: no
configure:2917: checking for x86_64-xlC_r
configure:2947: result: no
configure:2917: checking for x86_64-xlC
configure:2947: result: no
configure:2961: checking for g++
configure:2977: found /usr/bin/g++
configure:2988: result: g++
configure:3015: checking for C++ compiler version
configure:3024: g++ --version >&5
Apple LLVM version 5.0 (clang-500.2.79) (based on LLVM 3.3svn)
Target: x86_64-apple-darwin13.0.0
Thread model: posix
Configured with: --prefix=/Applications/Xcode.app/Contents/Developer/usr --with-gxx-include-dir=/Applications/Xcode.app/Contents/Developer/Platforms/MacOSX.platform/Developer/SDKs/MacOSX10.8.sdk/usr/include/c++/4.2.1
configure:3035: $? = 0
configure:3024: g++ -v >&5
Configured with: --prefix=/Applications/Xcode.app/Contents/Developer/usr --with-gxx-include-dir=/Applications/Xcode.app/Contents/Developer/Platforms/MacOSX.platform/Developer/SDKs/MacOSX10.8.sdk/usr/include/c++/4.2.1
Apple LLVM version 5.0 (clang-500.2.79) (based on LLVM 3.3svn)
Target: x86_64-apple-darwin13.0.0
Thread model: posix
configure:3035: $? = 0
configure:3024: g++ -V >&5
clang: error: argument to '-V' is missing (expected 1 value)
clang: error: no input files
configure:3035: $? = 1
configure:3024: g++ -qversion >&5
clang: error: no input files
configure:3035: $? = 1
configure:3055: checking whether the C++ compiler works
configure:3077: g++ -O2 -I../../freetype-2.5.2/include -I/Applications/XCode.app/Contents/Developer/Platforms/MacOSX.platform/Developer/SDKs/MacOSX10.8.sdk/usr/include -isysroot /Applications/XCode.app/Contents/Developer/Platforms/MacOSX.platform/Developer/SDKs/MacOSX10.8.sdk -arch x86_64 -O2 -I -I../../freetype-2.5.2/include -I/Applications/XCode.app/Contents/Developer/Platforms/MacOSX.platform/Developer/SDKs/MacOSX10.8.sdk/usr/include -isysroot /Applications/XCode.app/Contents/Developer/Platforms/MacOSX.platform/Developer/SDKs/MacOSX10.8.sdk -arch x86_64 -L/Applications/XCode.app/Contents/Developer/Platforms/MacOSX.platform/Developer/SDKs/MacOSX10.8.sdk/usr/lib/ -isysroot /Applications/XCode.app/Contents/Developer/Platforms/MacOSX.platform/Developer/SDKs/MacOSX10.8.sdk -Wl,-syslibroot,/Applications/XCode.app/Contents/Developer/Platforms/MacOSX.platform/Developer/SDKs/MacOSX10.8.sdk -arch x86_64 conftest.cpp  >&5
configure:3081: $? = 0
configure:3129: result: yes
configure:3132: checking for C++ compiler default output file name
configure:3134: result: a.out
configure:3140: checking for suffix of executables
configure:3147: g++ -o conftest -O2 -I../../freetype-2.5.2/include -I/Applications/XCode.app/Contents/Developer/Platforms/MacOSX.platform/Developer/SDKs/MacOSX10.8.sdk/usr/include -isysroot /Applications/XCode.app/Contents/Developer/Platforms/MacOSX.platform/Developer/SDKs/MacOSX10.8.sdk -arch x86_64 -O2 -I -I../../freetype-2.5.2/include -I/Applications/XCode.app/Contents/Developer/Platforms/MacOSX.platform/Developer/SDKs/MacOSX10.8.sdk/usr/include -isysroot /Applications/XCode.app/Contents/Developer/Platforms/MacOSX.platform/Developer/SDKs/MacOSX10.8.sdk -arch x86_64 -L/Applications/XCode.app/Contents/Developer/Platforms/MacOSX.platform/Developer/SDKs/MacOSX10.8.sdk/usr/lib/ -isysroot /Applications/XCode.app/Contents/Developer/Platforms/MacOSX.platform/Developer/SDKs/MacOSX10.8.sdk -Wl,-syslibroot,/Applications/XCode.app/Contents/Developer/Platforms/MacOSX.platform/Developer/SDKs/MacOSX10.8.sdk -arch x86_64 conftest.cpp  >&5
configure:3151: $? = 0
configure:3173: result: 
configure:3195: checking whether we are cross compiling
configure:3203: g++ -o conftest -O2 -I../../freetype-2.5.2/include -I/Applications/XCode.app/Contents/Developer/Platforms/MacOSX.platform/Developer/SDKs/MacOSX10.8.sdk/usr/include -isysroot /Applications/XCode.app/Contents/Developer/Platforms/MacOSX.platform/Developer/SDKs/MacOSX10.8.sdk -arch x86_64 -O2 -I -I../../freetype-2.5.2/include -I/Applications/XCode.app/Contents/Developer/Platforms/MacOSX.platform/Developer/SDKs/MacOSX10.8.sdk/usr/include -isysroot /Applications/XCode.app/Contents/Developer/Platforms/MacOSX.platform/Developer/SDKs/MacOSX10.8.sdk -arch x86_64 -L/Applications/XCode.app/Contents/Developer/Platforms/MacOSX.platform/Developer/SDKs/MacOSX10.8.sdk/usr/lib/ -isysroot /Applications/XCode.app/Contents/Developer/Platforms/MacOSX.platform/Developer/SDKs/MacOSX10.8.sdk -Wl,-syslibroot,/Applications/XCode.app/Contents/Developer/Platforms/MacOSX.platform/Developer/SDKs/MacOSX10.8.sdk -arch x86_64 conftest.cpp  >&5
configure:3207: $? = 0
configure:3214: ./conftest
configure:3218: $? = 0
configure:3233: result: no
configure:3238: checking for suffix of object files
configure:3260: g++ -c -O2 -I../../freetype-2.5.2/include -I/Applications/XCode.app/Contents/Developer/Platforms/MacOSX.platform/Developer/SDKs/MacOSX10.8.sdk/usr/include -isysroot /Applications/XCode.app/Contents/Developer/Platforms/MacOSX.platform/Developer/SDKs/MacOSX10.8.sdk -arch x86_64 -O2 -I -I../../freetype-2.5.2/include -I/Applications/XCode.app/Contents/Developer/Platforms/MacOSX.platform/Developer/SDKs/MacOSX10.8.sdk/usr/include -isysroot /Applications/XCode.app/Contents/Developer/Platforms/MacOSX.platform/Developer/SDKs/MacOSX10.8.sdk -arch x86_64 conftest.cpp >&5
configure:3264: $? = 0
configure:3285: result: o
configure:3289: checking whether we are using the GNU C++ compiler
configure:3308: g++ -c -O2 -I../../freetype-2.5.2/include -I/Applications/XCode.app/Contents/Developer/Platforms/MacOSX.platform/Developer/SDKs/MacOSX10.8.sdk/usr/include -isysroot /Applications/XCode.app/Contents/Developer/Platforms/MacOSX.platform/Developer/SDKs/MacOSX10.8.sdk -arch x86_64 -O2 -I -I../../freetype-2.5.2/include -I/Applications/XCode.app/Contents/Developer/Platforms/MacOSX.platform/Developer/SDKs/MacOSX10.8.sdk/usr/include -isysroot /Applications/XCode.app/Contents/Developer/Platforms/MacOSX.platform/Developer/SDKs/MacOSX10.8.sdk -arch x86_64 conftest.cpp >&5
configure:3308: $? = 0
configure:3317: result: yes
configure:3326: checking whether g++ accepts -g
configure:3346: g++ -c -g -O2 -I -I../../freetype-2.5.2/include -I/Applications/XCode.app/Contents/Developer/Platforms/MacOSX.platform/Developer/SDKs/MacOSX10.8.sdk/usr/include -isysroot /Applications/XCode.app/Contents/Developer/Platforms/MacOSX.platform/Developer/SDKs/MacOSX10.8.sdk -arch x86_64 conftest.cpp >&5
configure:3346: $? = 0
configure:3387: result: yes
configure:3412: checking dependency style of g++
configure:3522: result: gcc3
configure:3594: checking how to print strings
configure:3621: result: printf
configure:3650: checking for x86_64-gcc
configure:3680: result: no
configure:3690: checking for gcc
configure:3706: found /usr/bin/gcc
configure:3717: result: gcc
configure:3946: checking for C compiler version
configure:3955: gcc --version >&5
Apple LLVM version 5.0 (clang-500.2.79) (based on LLVM 3.3svn)
Target: x86_64-apple-darwin13.0.0
Thread model: posix
Configured with: --prefix=/Applications/Xcode.app/Contents/Developer/usr --with-gxx-include-dir=/Applications/Xcode.app/Contents/Developer/Platforms/MacOSX.platform/Developer/SDKs/MacOSX10.8.sdk/usr/include/c++/4.2.1
configure:3966: $? = 0
configure:3955: gcc -v >&5
Configured with: --prefix=/Applications/Xcode.app/Contents/Developer/usr --with-gxx-include-dir=/Applications/Xcode.app/Contents/Developer/Platforms/MacOSX.platform/Developer/SDKs/MacOSX10.8.sdk/usr/include/c++/4.2.1
Apple LLVM version 5.0 (clang-500.2.79) (based on LLVM 3.3svn)
Target: x86_64-apple-darwin13.0.0
Thread model: posix
configure:3966: $? = 0
configure:3955: gcc -V >&5
clang: error: argument to '-V' is missing (expected 1 value)
clang: error: no input files
configure:3966: $? = 1
configure:3955: gcc -qversion >&5
clang: error: no input files
configure:3966: $? = 1
configure:3970: checking whether we are using the GNU C compiler
configure:3989: gcc -c -O2 -I../../freetype-2.5.2/include -I/Applications/XCode.app/Contents/Developer/Platforms/MacOSX.platform/Developer/SDKs/MacOSX10.8.sdk/usr/include -isysroot /Applications/XCode.app/Contents/Developer/Platforms/MacOSX.platform/Developer/SDKs/MacOSX10.8.sdk -arch x86_64 -O2 -I -I../../freetype-2.5.2/include -I/Applications/XCode.app/Contents/Developer/Platforms/MacOSX.platform/Developer/SDKs/MacOSX10.8.sdk/usr/include -isysroot /Applications/XCode.app/Contents/Developer/Platforms/MacOSX.platform/Developer/SDKs/MacOSX10.8.sdk -arch x86_64 conftest.c >&5
configure:3989: $? = 0
configure:3998: result: yes
configure:4007: checking whether gcc accepts -g
configure:4027: gcc -c -g -O2 -I -I../../freetype-2.5.2/include -I/Applications/XCode.app/Contents/Developer/Platforms/MacOSX.platform/Developer/SDKs/MacOSX10.8.sdk/usr/include -isysroot /Applications/XCode.app/Contents/Developer/Platforms/MacOSX.platform/Developer/SDKs/MacOSX10.8.sdk -arch x86_64 conftest.c >&5
configure:4027: $? = 0
configure:4068: result: yes
configure:4085: checking for gcc option to accept ISO C89
configure:4149: gcc  -c -O2 -I../../freetype-2.5.2/include -I/Applications/XCode.app/Contents/Developer/Platforms/MacOSX.platform/Developer/SDKs/MacOSX10.8.sdk/usr/include -isysroot /Applications/XCode.app/Contents/Developer/Platforms/MacOSX.platform/Developer/SDKs/MacOSX10.8.sdk -arch x86_64 -O2 -I -I../../freetype-2.5.2/include -I/Applications/XCode.app/Contents/Developer/Platforms/MacOSX.platform/Developer/SDKs/MacOSX10.8.sdk/usr/include -isysroot /Applications/XCode.app/Contents/Developer/Platforms/MacOSX.platform/Developer/SDKs/MacOSX10.8.sdk -arch x86_64 conftest.c >&5
configure:4149: $? = 0
configure:4162: result: none needed
configure:4184: checking dependency style of gcc
configure:4294: result: gcc3
configure:4309: checking for a sed that does not truncate output
configure:4373: result: /usr/bin/sed
configure:4391: checking for grep that handles long lines and -e
configure:4449: result: /usr/bin/grep
configure:4454: checking for egrep
configure:4516: result: /usr/bin/grep -E
configure:4521: checking for fgrep
configure:4583: result: /usr/bin/grep -F
configure:4618: checking for ld used by gcc
configure:4685: result: /Applications/Xcode.app/Contents/Developer/Toolchains/XcodeDefault.xctoolchain/usr/bin/ld
configure:4692: checking if the linker (/Applications/Xcode.app/Contents/Developer/Toolchains/XcodeDefault.xctoolchain/usr/bin/ld) is GNU ld
configure:4707: result: no
configure:4719: checking for BSD- or MS-compatible name lister (nm)
configure:4768: result: no
configure:4782: checking for x86_64-dumpbin
configure:4812: result: no
configure:4782: checking for x86_64-link
configure:4812: result: no
configure:4826: checking for dumpbin
configure:4856: result: no
configure:4826: checking for link
configure:4842: found /bin/link
configure:4853: result: link -dump
configure:4898: checking the name lister (nm) interface
configure:4905: gcc -c -O2 -I../../freetype-2.5.2/include -I/Applications/XCode.app/Contents/Developer/Platforms/MacOSX.platform/Developer/SDKs/MacOSX10.8.sdk/usr/include -isysroot /Applications/XCode.app/Contents/Developer/Platforms/MacOSX.platform/Developer/SDKs/MacOSX10.8.sdk -arch x86_64 -O2 -I -I../../freetype-2.5.2/include -I/Applications/XCode.app/Contents/Developer/Platforms/MacOSX.platform/Developer/SDKs/MacOSX10.8.sdk/usr/include -isysroot /Applications/XCode.app/Contents/Developer/Platforms/MacOSX.platform/Developer/SDKs/MacOSX10.8.sdk -arch x86_64 conftest.c >&5
configure:4908: nm "conftest.o"
configure:4911: output
0000000000000000 S _some_variable
configure:4918: result: BSD nm
configure:4921: checking whether ln -s works
configure:4925: result: yes
configure:4933: checking the maximum length of command line arguments
configure:5058: result: 196608
configure:5075: checking whether the shell understands some XSI constructs
configure:5085: result: yes
configure:5089: checking whether the shell understands "+="
configure:5095: result: yes
configure:5130: checking how to convert i386-apple-darwin13.0.0 file names to x86_64-pc-none format
configure:5170: result: func_convert_file_noop
configure:5177: checking how to convert i386-apple-darwin13.0.0 file names to toolchain format
configure:5197: result: func_convert_file_noop
configure:5204: checking for /Applications/Xcode.app/Contents/Developer/Toolchains/XcodeDefault.xctoolchain/usr/bin/ld option to reload object files
configure:5211: result: -r
configure:5245: checking for x86_64-objdump
configure:5275: result: no
configure:5285: checking for objdump
configure:5315: result: no
configure:5344: checking how to recognize dependent libraries
configure:5546: result: unknown
configure:5591: checking for x86_64-dlltool
configure:5621: result: no
configure:5631: checking for dlltool
configure:5661: result: no
configure:5691: checking how to associate runtime and link libraries
configure:5718: result: printf %s\n
configure:5735: checking for x86_64-ar
configure:5765: result: no
configure:5779: checking for ar
configure:5795: found /usr/bin/ar
configure:5806: result: ar
configure:5843: checking for archiver @FILE support
configure:5860: gcc -c -O2 -I../../freetype-2.5.2/include -I/Applications/XCode.app/Contents/Developer/Platforms/MacOSX.platform/Developer/SDKs/MacOSX10.8.sdk/usr/include -isysroot /Applications/XCode.app/Contents/Developer/Platforms/MacOSX.platform/Developer/SDKs/MacOSX10.8.sdk -arch x86_64 -O2 -I -I../../freetype-2.5.2/include -I/Applications/XCode.app/Contents/Developer/Platforms/MacOSX.platform/Developer/SDKs/MacOSX10.8.sdk/usr/include -isysroot /Applications/XCode.app/Contents/Developer/Platforms/MacOSX.platform/Developer/SDKs/MacOSX10.8.sdk -arch x86_64 conftest.c >&5
configure:5860: $? = 0
configure:5863: ar cru libconftest.a @conftest.lst >&5
ar: @conftest.lst: No such file or directory
configure:5866: $? = 1
configure:5886: result: no
configure:5904: checking for x86_64-strip
configure:5931: result: strip
configure:6003: checking for x86_64-ranlib
configure:6033: result: no
configure:6043: checking for ranlib
configure:6059: found /usr/bin/ranlib
configure:6070: result: ranlib
configure:6172: checking command to parse nm output from gcc object
configure:6291: gcc -c -O2 -I../../freetype-2.5.2/include -I/Applications/XCode.app/Contents/Developer/Platforms/MacOSX.platform/Developer/SDKs/MacOSX10.8.sdk/usr/include -isysroot /Applications/XCode.app/Contents/Developer/Platforms/MacOSX.platform/Developer/SDKs/MacOSX10.8.sdk -arch x86_64 -O2 -I -I../../freetype-2.5.2/include -I/Applications/XCode.app/Contents/Developer/Platforms/MacOSX.platform/Developer/SDKs/MacOSX10.8.sdk/usr/include -isysroot /Applications/XCode.app/Contents/Developer/Platforms/MacOSX.platform/Developer/SDKs/MacOSX10.8.sdk -arch x86_64 conftest.c >&5
configure:6294: $? = 0
configure:6298: nm conftest.o \| sed -n -e 's/^.*[ ]\([BCDEGRST][BCDEGRST]*\)[ ][ ]*\([_A-Za-z][_A-Za-z0-9]*\)$/\1 \2 \2/p' | sed '/ __gnu_lto/d' \> conftest.nm
configure:6301: $? = 0
cannot find nm_test_var in conftest.nm
configure:6291: gcc -c -O2 -I../../freetype-2.5.2/include -I/Applications/XCode.app/Contents/Developer/Platforms/MacOSX.platform/Developer/SDKs/MacOSX10.8.sdk/usr/include -isysroot /Applications/XCode.app/Contents/Developer/Platforms/MacOSX.platform/Developer/SDKs/MacOSX10.8.sdk -arch x86_64 -O2 -I -I../../freetype-2.5.2/include -I/Applications/XCode.app/Contents/Developer/Platforms/MacOSX.platform/Developer/SDKs/MacOSX10.8.sdk/usr/include -isysroot /Applications/XCode.app/Contents/Developer/Platforms/MacOSX.platform/Developer/SDKs/MacOSX10.8.sdk -arch x86_64 conftest.c >&5
configure:6294: $? = 0
configure:6298: nm conftest.o \| sed -n -e 's/^.*[ ]\([BCDEGRST][BCDEGRST]*\)[ ][ ]*_\([_A-Za-z][_A-Za-z0-9]*\)$/\1 _\2 \2/p' | sed '/ __gnu_lto/d' \> conftest.nm
configure:6301: $? = 0
configure:6367: gcc -o conftest -O2 -I../../freetype-2.5.2/include -I/Applications/XCode.app/Contents/Developer/Platforms/MacOSX.platform/Developer/SDKs/MacOSX10.8.sdk/usr/include -isysroot /Applications/XCode.app/Contents/Developer/Platforms/MacOSX.platform/Developer/SDKs/MacOSX10.8.sdk -arch x86_64 -O2 -I -I../../freetype-2.5.2/include -I/Applications/XCode.app/Contents/Developer/Platforms/MacOSX.platform/Developer/SDKs/MacOSX10.8.sdk/usr/include -isysroot /Applications/XCode.app/Contents/Developer/Platforms/MacOSX.platform/Developer/SDKs/MacOSX10.8.sdk -arch x86_64 -L/Applications/XCode.app/Contents/Developer/Platforms/MacOSX.platform/Developer/SDKs/MacOSX10.8.sdk/usr/lib/ -isysroot /Applications/XCode.app/Contents/Developer/Platforms/MacOSX.platform/Developer/SDKs/MacOSX10.8.sdk -Wl,-syslibroot,/Applications/XCode.app/Contents/Developer/Platforms/MacOSX.platform/Developer/SDKs/MacOSX10.8.sdk -arch x86_64 conftest.c conftstm.o >&5
configure:6370: $? = 0
configure:6408: result: ok
configure:6445: checking for sysroot
configure:6475: result: no
configure:6678: checking for x86_64-mt
configure:6708: result: no
configure:6718: checking for mt
configure:6748: result: no
configure:6768: checking if : is a manifest tool
configure:6774: : '-?'
configure:6782: result: no
configure:7414: checking how to run the C preprocessor
configure:7445: gcc -E -O2 -I -I../../freetype-2.5.2/include -I/Applications/XCode.app/Contents/Developer/Platforms/MacOSX.platform/Developer/SDKs/MacOSX10.8.sdk/usr/include -isysroot /Applications/XCode.app/Contents/Developer/Platforms/MacOSX.platform/Developer/SDKs/MacOSX10.8.sdk -arch x86_64 conftest.c
configure:7445: $? = 0
configure:7459: gcc -E -O2 -I -I../../freetype-2.5.2/include -I/Applications/XCode.app/Contents/Developer/Platforms/MacOSX.platform/Developer/SDKs/MacOSX10.8.sdk/usr/include -isysroot /Applications/XCode.app/Contents/Developer/Platforms/MacOSX.platform/Developer/SDKs/MacOSX10.8.sdk -arch x86_64 conftest.c
conftest.c:9:10: fatal error: 'ac_nonexistent.h' file not found
#include <ac_nonexistent.h>
         ^
1 error generated.
configure:7459: $? = 1
configure: failed program was:
| /* confdefs.h */
| #define PACKAGE_NAME "FTGL"
| #define PACKAGE_TARNAME "ftgl"
| #define PACKAGE_VERSION "2.1.3~rc5"
| #define PACKAGE_STRING "FTGL 2.1.3~rc5"
| #define PACKAGE_BUGREPORT "sam@zoy.org"
| #define PACKAGE_URL ""
| /* end confdefs.h.  */
| #include <ac_nonexistent.h>
configure:7484: result: gcc -E
configure:7504: gcc -E -O2 -I -I../../freetype-2.5.2/include -I/Applications/XCode.app/Contents/Developer/Platforms/MacOSX.platform/Developer/SDKs/MacOSX10.8.sdk/usr/include -isysroot /Applications/XCode.app/Contents/Developer/Platforms/MacOSX.platform/Developer/SDKs/MacOSX10.8.sdk -arch x86_64 conftest.c
configure:7504: $? = 0
configure:7518: gcc -E -O2 -I -I../../freetype-2.5.2/include -I/Applications/XCode.app/Contents/Developer/Platforms/MacOSX.platform/Developer/SDKs/MacOSX10.8.sdk/usr/include -isysroot /Applications/XCode.app/Contents/Developer/Platforms/MacOSX.platform/Developer/SDKs/MacOSX10.8.sdk -arch x86_64 conftest.c
conftest.c:9:10: fatal error: 'ac_nonexistent.h' file not found
#include <ac_nonexistent.h>
         ^
1 error generated.
configure:7518: $? = 1
configure: failed program was:
| /* confdefs.h */
| #define PACKAGE_NAME "FTGL"
| #define PACKAGE_TARNAME "ftgl"
| #define PACKAGE_VERSION "2.1.3~rc5"
| #define PACKAGE_STRING "FTGL 2.1.3~rc5"
| #define PACKAGE_BUGREPORT "sam@zoy.org"
| #define PACKAGE_URL ""
| /* end confdefs.h.  */
| #include <ac_nonexistent.h>
configure:7547: checking for ANSI C header files
configure:7567: gcc -c -O2 -I../../freetype-2.5.2/include -I/Applications/XCode.app/Contents/Developer/Platforms/MacOSX.platform/Developer/SDKs/MacOSX10.8.sdk/usr/include -isysroot /Applications/XCode.app/Contents/Developer/Platforms/MacOSX.platform/Developer/SDKs/MacOSX10.8.sdk -arch x86_64 -O2 -I -I../../freetype-2.5.2/include -I/Applications/XCode.app/Contents/Developer/Platforms/MacOSX.platform/Developer/SDKs/MacOSX10.8.sdk/usr/include -isysroot /Applications/XCode.app/Contents/Developer/Platforms/MacOSX.platform/Developer/SDKs/MacOSX10.8.sdk -arch x86_64 conftest.c >&5
configure:7567: $? = 0
configure:7640: gcc -o conftest -O2 -I../../freetype-2.5.2/include -I/Applications/XCode.app/Contents/Developer/Platforms/MacOSX.platform/Developer/SDKs/MacOSX10.8.sdk/usr/include -isysroot /Applications/XCode.app/Contents/Developer/Platforms/MacOSX.platform/Developer/SDKs/MacOSX10.8.sdk -arch x86_64 -O2 -I -I../../freetype-2.5.2/include -I/Applications/XCode.app/Contents/Developer/Platforms/MacOSX.platform/Developer/SDKs/MacOSX10.8.sdk/usr/include -isysroot /Applications/XCode.app/Contents/Developer/Platforms/MacOSX.platform/Developer/SDKs/MacOSX10.8.sdk -arch x86_64 -L/Applications/XCode.app/Contents/Developer/Platforms/MacOSX.platform/Developer/SDKs/MacOSX10.8.sdk/usr/lib/ -isysroot /Applications/XCode.app/Contents/Developer/Platforms/MacOSX.platform/Developer/SDKs/MacOSX10.8.sdk -Wl,-syslibroot,/Applications/XCode.app/Contents/Developer/Platforms/MacOSX.platform/Developer/SDKs/MacOSX10.8.sdk -arch x86_64 conftest.c  >&5
configure:7640: $? = 0
configure:7640: ./conftest
configure:7640: $? = 0
configure:7651: result: yes
configure:7664: checking for sys/types.h
configure:7664: gcc -c -O2 -I../../freetype-2.5.2/include -I/Applications/XCode.app/Contents/Developer/Platforms/MacOSX.platform/Developer/SDKs/MacOSX10.8.sdk/usr/include -isysroot /Applications/XCode.app/Contents/Developer/Platforms/MacOSX.platform/Developer/SDKs/MacOSX10.8.sdk -arch x86_64 -O2 -I -I../../freetype-2.5.2/include -I/Applications/XCode.app/Contents/Developer/Platforms/MacOSX.platform/Developer/SDKs/MacOSX10.8.sdk/usr/include -isysroot /Applications/XCode.app/Contents/Developer/Platforms/MacOSX.platform/Developer/SDKs/MacOSX10.8.sdk -arch x86_64 conftest.c >&5
configure:7664: $? = 0
configure:7664: result: yes
configure:7664: checking for sys/stat.h
configure:7664: gcc -c -O2 -I../../freetype-2.5.2/include -I/Applications/XCode.app/Contents/Developer/Platforms/MacOSX.platform/Developer/SDKs/MacOSX10.8.sdk/usr/include -isysroot /Applications/XCode.app/Contents/Developer/Platforms/MacOSX.platform/Developer/SDKs/MacOSX10.8.sdk -arch x86_64 -O2 -I -I../../freetype-2.5.2/include -I/Applications/XCode.app/Contents/Developer/Platforms/MacOSX.platform/Developer/SDKs/MacOSX10.8.sdk/usr/include -isysroot /Applications/XCode.app/Contents/Developer/Platforms/MacOSX.platform/Developer/SDKs/MacOSX10.8.sdk -arch x86_64 conftest.c >&5
configure:7664: $? = 0
configure:7664: result: yes
configure:7664: checking for stdlib.h
configure:7664: gcc -c -O2 -I../../freetype-2.5.2/include -I/Applications/XCode.app/Contents/Developer/Platforms/MacOSX.platform/Developer/SDKs/MacOSX10.8.sdk/usr/include -isysroot /Applications/XCode.app/Contents/Developer/Platforms/MacOSX.platform/Developer/SDKs/MacOSX10.8.sdk -arch x86_64 -O2 -I -I../../freetype-2.5.2/include -I/Applications/XCode.app/Contents/Developer/Platforms/MacOSX.platform/Developer/SDKs/MacOSX10.8.sdk/usr/include -isysroot /Applications/XCode.app/Contents/Developer/Platforms/MacOSX.platform/Developer/SDKs/MacOSX10.8.sdk -arch x86_64 conftest.c >&5
configure:7664: $? = 0
configure:7664: result: yes
configure:7664: checking for string.h
configure:7664: gcc -c -O2 -I../../freetype-2.5.2/include -I/Applications/XCode.app/Contents/Developer/Platforms/MacOSX.platform/Developer/SDKs/MacOSX10.8.sdk/usr/include -isysroot /Applications/XCode.app/Contents/Developer/Platforms/MacOSX.platform/Developer/SDKs/MacOSX10.8.sdk -arch x86_64 -O2 -I -I../../freetype-2.5.2/include -I/Applications/XCode.app/Contents/Developer/Platforms/MacOSX.platform/Developer/SDKs/MacOSX10.8.sdk/usr/include -isysroot /Applications/XCode.app/Contents/Developer/Platforms/MacOSX.platform/Developer/SDKs/MacOSX10.8.sdk -arch x86_64 conftest.c >&5
configure:7664: $? = 0
configure:7664: result: yes
configure:7664: checking for memory.h
configure:7664: gcc -c -O2 -I../../freetype-2.5.2/include -I/Applications/XCode.app/Contents/Developer/Platforms/MacOSX.platform/Developer/SDKs/MacOSX10.8.sdk/usr/include -isysroot /Applications/XCode.app/Contents/Developer/Platforms/MacOSX.platform/Developer/SDKs/MacOSX10.8.sdk -arch x86_64 -O2 -I -I../../freetype-2.5.2/include -I/Applications/XCode.app/Contents/Developer/Platforms/MacOSX.platform/Developer/SDKs/MacOSX10.8.sdk/usr/include -isysroot /Applications/XCode.app/Contents/Developer/Platforms/MacOSX.platform/Developer/SDKs/MacOSX10.8.sdk -arch x86_64 conftest.c >&5
configure:7664: $? = 0
configure:7664: result: yes
configure:7664: checking for strings.h
configure:7664: gcc -c -O2 -I../../freetype-2.5.2/include -I/Applications/XCode.app/Contents/Developer/Platforms/MacOSX.platform/Developer/SDKs/MacOSX10.8.sdk/usr/include -isysroot /Applications/XCode.app/Contents/Developer/Platforms/MacOSX.platform/Developer/SDKs/MacOSX10.8.sdk -arch x86_64 -O2 -I -I../../freetype-2.5.2/include -I/Applications/XCode.app/Contents/Developer/Platforms/MacOSX.platform/Developer/SDKs/MacOSX10.8.sdk/usr/include -isysroot /Applications/XCode.app/Contents/Developer/Platforms/MacOSX.platform/Developer/SDKs/MacOSX10.8.sdk -arch x86_64 conftest.c >&5
configure:7664: $? = 0
configure:7664: result: yes
configure:7664: checking for inttypes.h
configure:7664: gcc -c -O2 -I../../freetype-2.5.2/include -I/Applications/XCode.app/Contents/Developer/Platforms/MacOSX.platform/Developer/SDKs/MacOSX10.8.sdk/usr/include -isysroot /Applications/XCode.app/Contents/Developer/Platforms/MacOSX.platform/Developer/SDKs/MacOSX10.8.sdk -arch x86_64 -O2 -I -I../../freetype-2.5.2/include -I/Applications/XCode.app/Contents/Developer/Platforms/MacOSX.platform/Developer/SDKs/MacOSX10.8.sdk/usr/include -isysroot /Applications/XCode.app/Contents/Developer/Platforms/MacOSX.platform/Developer/SDKs/MacOSX10.8.sdk -arch x86_64 conftest.c >&5
configure:7664: $? = 0
configure:7664: result: yes
configure:7664: checking for stdint.h
configure:7664: gcc -c -O2 -I../../freetype-2.5.2/include -I/Applications/XCode.app/Contents/Developer/Platforms/MacOSX.platform/Developer/SDKs/MacOSX10.8.sdk/usr/include -isysroot /Applications/XCode.app/Contents/Developer/Platforms/MacOSX.platform/Developer/SDKs/MacOSX10.8.sdk -arch x86_64 -O2 -I -I../../freetype-2.5.2/include -I/Applications/XCode.app/Contents/Developer/Platforms/MacOSX.platform/Developer/SDKs/MacOSX10.8.sdk/usr/include -isysroot /Applications/XCode.app/Contents/Developer/Platforms/MacOSX.platform/Developer/SDKs/MacOSX10.8.sdk -arch x86_64 conftest.c >&5
configure:7664: $? = 0
configure:7664: result: yes
configure:7664: checking for unistd.h
configure:7664: gcc -c -O2 -I../../freetype-2.5.2/include -I/Applications/XCode.app/Contents/Developer/Platforms/MacOSX.platform/Developer/SDKs/MacOSX10.8.sdk/usr/include -isysroot /Applications/XCode.app/Contents/Developer/Platforms/MacOSX.platform/Developer/SDKs/MacOSX10.8.sdk -arch x86_64 -O2 -I -I../../freetype-2.5.2/include -I/Applications/XCode.app/Contents/Developer/Platforms/MacOSX.platform/Developer/SDKs/MacOSX10.8.sdk/usr/include -isysroot /Applications/XCode.app/Contents/Developer/Platforms/MacOSX.platform/Developer/SDKs/MacOSX10.8.sdk -arch x86_64 conftest.c >&5
configure:7664: $? = 0
configure:7664: result: yes
configure:7678: checking for dlfcn.h
configure:7678: gcc -c -O2 -I../../freetype-2.5.2/include -I/Applications/XCode.app/Contents/Developer/Platforms/MacOSX.platform/Developer/SDKs/MacOSX10.8.sdk/usr/include -isysroot /Applications/XCode.app/Contents/Developer/Platforms/MacOSX.platform/Developer/SDKs/MacOSX10.8.sdk -arch x86_64 -O2 -I -I../../freetype-2.5.2/include -I/Applications/XCode.app/Contents/Developer/Platforms/MacOSX.platform/Developer/SDKs/MacOSX10.8.sdk/usr/include -isysroot /Applications/XCode.app/Contents/Developer/Platforms/MacOSX.platform/Developer/SDKs/MacOSX10.8.sdk -arch x86_64 conftest.c >&5
configure:7678: $? = 0
configure:7678: result: yes
configure:7876: checking for objdir
configure:7891: result: .libs
configure:8162: checking if gcc supports -fno-rtti -fno-exceptions
configure:8180: gcc -c -O2 -I../../freetype-2.5.2/include -I/Applications/XCode.app/Contents/Developer/Platforms/MacOSX.platform/Developer/SDKs/MacOSX10.8.sdk/usr/include -isysroot /Applications/XCode.app/Contents/Developer/Platforms/MacOSX.platform/Developer/SDKs/MacOSX10.8.sdk -arch x86_64 -O2 -I -I../../freetype-2.5.2/include -I/Applications/XCode.app/Contents/Developer/Platforms/MacOSX.platform/Developer/SDKs/MacOSX10.8.sdk/usr/include -isysroot /Applications/XCode.app/Contents/Developer/Platforms/MacOSX.platform/Developer/SDKs/MacOSX10.8.sdk -arch x86_64 -fno-rtti -fno-exceptions conftest.c >&5
configure:8184: $? = 0
configure:8197: result: yes
configure:8507: checking for gcc option to produce PIC
configure:8514: result: -fPIC -DPIC
configure:8522: checking if gcc PIC flag -fPIC -DPIC works
configure:8540: gcc -c -O2 -I../../freetype-2.5.2/include -I/Applications/XCode.app/Contents/Developer/Platforms/MacOSX.platform/Developer/SDKs/MacOSX10.8.sdk/usr/include -isysroot /Applications/XCode.app/Contents/Developer/Platforms/MacOSX.platform/Developer/SDKs/MacOSX10.8.sdk -arch x86_64 -O2 -I -I../../freetype-2.5.2/include -I/Applications/XCode.app/Contents/Developer/Platforms/MacOSX.platform/Developer/SDKs/MacOSX10.8.sdk/usr/include -isysroot /Applications/XCode.app/Contents/Developer/Platforms/MacOSX.platform/Developer/SDKs/MacOSX10.8.sdk -arch x86_64 -fPIC -DPIC -DPIC conftest.c >&5
configure:8544: $? = 0
configure:8557: result: yes
configure:8586: checking if gcc static flag -static works
configure:8614: result: no
configure:8629: checking if gcc supports -c -o file.o
configure:8650: gcc -c -O2 -I../../freetype-2.5.2/include -I/Applications/XCode.app/Contents/Developer/Platforms/MacOSX.platform/Developer/SDKs/MacOSX10.8.sdk/usr/include -isysroot /Applications/XCode.app/Contents/Developer/Platforms/MacOSX.platform/Developer/SDKs/MacOSX10.8.sdk -arch x86_64 -O2 -I -I../../freetype-2.5.2/include -I/Applications/XCode.app/Contents/Developer/Platforms/MacOSX.platform/Developer/SDKs/MacOSX10.8.sdk/usr/include -isysroot /Applications/XCode.app/Contents/Developer/Platforms/MacOSX.platform/Developer/SDKs/MacOSX10.8.sdk -arch x86_64 -o out/conftest2.o conftest.c >&5
configure:8654: $? = 0
configure:8676: result: yes
configure:8684: checking if gcc supports -c -o file.o
configure:8731: result: yes
configure:8764: checking whether the gcc linker (/Applications/Xcode.app/Contents/Developer/Toolchains/XcodeDefault.xctoolchain/usr/bin/ld) supports shared libraries
configure:9922: result: no
configure:10167: checking dynamic linker characteristics
configure:10903: result: no
configure:11010: checking how to hardcode library paths into programs
configure:11035: result: unsupported
configure:11575: checking whether stripping libraries is possible
configure:11597: result: no
configure:11615: checking if libtool supports shared libraries
configure:11617: result: no
configure:11620: checking whether to build shared libraries
configure:11641: result: no
configure:11644: checking whether to build static libraries
configure:11648: result: yes
configure:11671: checking how to run the C++ preprocessor
configure:11698: g++ -E -O2 -I -I../../freetype-2.5.2/include -I/Applications/XCode.app/Contents/Developer/Platforms/MacOSX.platform/Developer/SDKs/MacOSX10.8.sdk/usr/include -isysroot /Applications/XCode.app/Contents/Developer/Platforms/MacOSX.platform/Developer/SDKs/MacOSX10.8.sdk -arch x86_64 conftest.cpp
configure:11698: $? = 0
configure:11712: g++ -E -O2 -I -I../../freetype-2.5.2/include -I/Applications/XCode.app/Contents/Developer/Platforms/MacOSX.platform/Developer/SDKs/MacOSX10.8.sdk/usr/include -isysroot /Applications/XCode.app/Contents/Developer/Platforms/MacOSX.platform/Developer/SDKs/MacOSX10.8.sdk -arch x86_64 conftest.cpp
conftest.cpp:21:10: fatal error: 'ac_nonexistent.h' file not found
#include <ac_nonexistent.h>
         ^
1 error generated.
configure:11712: $? = 1
configure: failed program was:
| /* confdefs.h */
| #define PACKAGE_NAME "FTGL"
| #define PACKAGE_TARNAME "ftgl"
| #define PACKAGE_VERSION "2.1.3~rc5"
| #define PACKAGE_STRING "FTGL 2.1.3~rc5"
| #define PACKAGE_BUGREPORT "sam@zoy.org"
| #define PACKAGE_URL ""
| #define STDC_HEADERS 1
| #define HAVE_SYS_TYPES_H 1
| #define HAVE_SYS_STAT_H 1
| #define HAVE_STDLIB_H 1
| #define HAVE_STRING_H 1
| #define HAVE_MEMORY_H 1
| #define HAVE_STRINGS_H 1
| #define HAVE_INTTYPES_H 1
| #define HAVE_STDINT_H 1
| #define HAVE_UNISTD_H 1
| #define HAVE_DLFCN_H 1
| #define LT_OBJDIR ".libs/"
| /* end confdefs.h.  */
| #include <ac_nonexistent.h>
configure:11737: result: g++ -E
configure:11757: g++ -E -O2 -I -I../../freetype-2.5.2/include -I/Applications/XCode.app/Contents/Developer/Platforms/MacOSX.platform/Developer/SDKs/MacOSX10.8.sdk/usr/include -isysroot /Applications/XCode.app/Contents/Developer/Platforms/MacOSX.platform/Developer/SDKs/MacOSX10.8.sdk -arch x86_64 conftest.cpp
configure:11757: $? = 0
configure:11771: g++ -E -O2 -I -I../../freetype-2.5.2/include -I/Applications/XCode.app/Contents/Developer/Platforms/MacOSX.platform/Developer/SDKs/MacOSX10.8.sdk/usr/include -isysroot /Applications/XCode.app/Contents/Developer/Platforms/MacOSX.platform/Developer/SDKs/MacOSX10.8.sdk -arch x86_64 conftest.cpp
conftest.cpp:21:10: fatal error: 'ac_nonexistent.h' file not found
#include <ac_nonexistent.h>
         ^
1 error generated.
configure:11771: $? = 1
configure: failed program was:
| /* confdefs.h */
| #define PACKAGE_NAME "FTGL"
| #define PACKAGE_TARNAME "ftgl"
| #define PACKAGE_VERSION "2.1.3~rc5"
| #define PACKAGE_STRING "FTGL 2.1.3~rc5"
| #define PACKAGE_BUGREPORT "sam@zoy.org"
| #define PACKAGE_URL ""
| #define STDC_HEADERS 1
| #define HAVE_SYS_TYPES_H 1
| #define HAVE_SYS_STAT_H 1
| #define HAVE_STDLIB_H 1
| #define HAVE_STRING_H 1
| #define HAVE_MEMORY_H 1
| #define HAVE_STRINGS_H 1
| #define HAVE_INTTYPES_H 1
| #define HAVE_STDINT_H 1
| #define HAVE_UNISTD_H 1
| #define HAVE_DLFCN_H 1
| #define LT_OBJDIR ".libs/"
| /* end confdefs.h.  */
| #include <ac_nonexistent.h>
configure:11941: checking for ld used by g++
configure:12008: result: /Applications/Xcode.app/Contents/Developer/Toolchains/XcodeDefault.xctoolchain/usr/bin/ld
configure:12015: checking if the linker (/Applications/Xcode.app/Contents/Developer/Toolchains/XcodeDefault.xctoolchain/usr/bin/ld) is GNU ld
configure:12030: result: no
configure:12085: checking whether the g++ linker (/Applications/Xcode.app/Contents/Developer/Toolchains/XcodeDefault.xctoolchain/usr/bin/ld) supports shared libraries
configure:13089: result: no
configure:13124: g++ -c -O2 -I../../freetype-2.5.2/include -I/Applications/XCode.app/Contents/Developer/Platforms/MacOSX.platform/Developer/SDKs/MacOSX10.8.sdk/usr/include -isysroot /Applications/XCode.app/Contents/Developer/Platforms/MacOSX.platform/Developer/SDKs/MacOSX10.8.sdk -arch x86_64 -O2 -I -I../../freetype-2.5.2/include -I/Applications/XCode.app/Contents/Developer/Platforms/MacOSX.platform/Developer/SDKs/MacOSX10.8.sdk/usr/include -isysroot /Applications/XCode.app/Contents/Developer/Platforms/MacOSX.platform/Developer/SDKs/MacOSX10.8.sdk -arch x86_64 conftest.cpp >&5
configure:13127: $? = 0
configure:13647: checking for g++ option to produce PIC
configure:13654: result: -fPIC -DPIC
configure:13662: checking if g++ PIC flag -fPIC -DPIC works
configure:13680: g++ -c -O2 -I../../freetype-2.5.2/include -I/Applications/XCode.app/Contents/Developer/Platforms/MacOSX.platform/Developer/SDKs/MacOSX10.8.sdk/usr/include -isysroot /Applications/XCode.app/Contents/Developer/Platforms/MacOSX.platform/Developer/SDKs/MacOSX10.8.sdk -arch x86_64 -O2 -I -I../../freetype-2.5.2/include -I/Applications/XCode.app/Contents/Developer/Platforms/MacOSX.platform/Developer/SDKs/MacOSX10.8.sdk/usr/include -isysroot /Applications/XCode.app/Contents/Developer/Platforms/MacOSX.platform/Developer/SDKs/MacOSX10.8.sdk -arch x86_64 -fPIC -DPIC -DPIC conftest.cpp >&5
configure:13684: $? = 0
configure:13697: result: yes
configure:13720: checking if g++ static flag -static works
configure:13748: result: no
configure:13760: checking if g++ supports -c -o file.o
configure:13781: g++ -c -O2 -I../../freetype-2.5.2/include -I/Applications/XCode.app/Contents/Developer/Platforms/MacOSX.platform/Developer/SDKs/MacOSX10.8.sdk/usr/include -isysroot /Applications/XCode.app/Contents/Developer/Platforms/MacOSX.platform/Developer/SDKs/MacOSX10.8.sdk -arch x86_64 -O2 -I -I../../freetype-2.5.2/include -I/Applications/XCode.app/Contents/Developer/Platforms/MacOSX.platform/Developer/SDKs/MacOSX10.8.sdk/usr/include -isysroot /Applications/XCode.app/Contents/Developer/Platforms/MacOSX.platform/Developer/SDKs/MacOSX10.8.sdk -arch x86_64 -o out/conftest2.o conftest.cpp >&5
configure:13785: $? = 0
configure:13807: result: yes
configure:13812: checking if g++ supports -c -o file.o
configure:13859: result: yes
configure:13889: checking whether the g++ linker (/Applications/Xcode.app/Contents/Developer/Toolchains/XcodeDefault.xctoolchain/usr/bin/ld) supports shared libraries
configure:13923: result: no
configure:14066: checking dynamic linker characteristics
configure:14736: result: no
configure:14789: checking how to hardcode library paths into programs
configure:14814: result: unsupported
configure:14986: checking for C++ compiler version
configure:14995: g++ --version >&5
Apple LLVM version 5.0 (clang-500.2.79) (based on LLVM 3.3svn)
Target: x86_64-apple-darwin13.0.0
Thread model: posix
Configured with: --prefix=/Applications/Xcode.app/Contents/Developer/usr --with-gxx-include-dir=/Applications/Xcode.app/Contents/Developer/Platforms/MacOSX.platform/Developer/SDKs/MacOSX10.8.sdk/usr/include/c++/4.2.1
configure:15006: $? = 0
configure:14995: g++ -v >&5
Configured with: --prefix=/Applications/Xcode.app/Contents/Developer/usr --with-gxx-include-dir=/Applications/Xcode.app/Contents/Developer/Platforms/MacOSX.platform/Developer/SDKs/MacOSX10.8.sdk/usr/include/c++/4.2.1
Apple LLVM version 5.0 (clang-500.2.79) (based on LLVM 3.3svn)
Target: x86_64-apple-darwin13.0.0
Thread model: posix
configure:15006: $? = 0
configure:14995: g++ -V >&5
clang: error: argument to '-V' is missing (expected 1 value)
clang: error: no input files
configure:15006: $? = 1
configure:14995: g++ -qversion >&5
clang: error: no input files
configure:15006: $? = 1
configure:15010: checking whether we are using the GNU C++ compiler
configure:15038: result: yes
configure:15047: checking whether g++ accepts -g
configure:15108: result: yes
configure:15133: checking dependency style of g++
configure:15243: result: gcc3
configure:15268: checking for X
configure:15376: gcc -E -O2 -I -I../../freetype-2.5.2/include -I/Applications/XCode.app/Contents/Developer/Platforms/MacOSX.platform/Developer/SDKs/MacOSX10.8.sdk/usr/include -isysroot /Applications/XCode.app/Contents/Developer/Platforms/MacOSX.platform/Developer/SDKs/MacOSX10.8.sdk -arch x86_64 conftest.c
conftest.c:21:10: fatal error: 'X11/Xlib.h' file not found
#include <X11/Xlib.h>
         ^
1 error generated.
configure:15376: $? = 1
configure: failed program was:
| /* confdefs.h */
| #define PACKAGE_NAME "FTGL"
| #define PACKAGE_TARNAME "ftgl"
| #define PACKAGE_VERSION "2.1.3~rc5"
| #define PACKAGE_STRING "FTGL 2.1.3~rc5"
| #define PACKAGE_BUGREPORT "sam@zoy.org"
| #define PACKAGE_URL ""
| #define STDC_HEADERS 1
| #define HAVE_SYS_TYPES_H 1
| #define HAVE_SYS_STAT_H 1
| #define HAVE_STDLIB_H 1
| #define HAVE_STRING_H 1
| #define HAVE_MEMORY_H 1
| #define HAVE_STRINGS_H 1
| #define HAVE_INTTYPES_H 1
| #define HAVE_STDINT_H 1
| #define HAVE_UNISTD_H 1
| #define HAVE_DLFCN_H 1
| #define LT_OBJDIR ".libs/"
| /* end confdefs.h.  */
| #include <X11/Xlib.h>
configure:15407: gcc -o conftest -O2 -I../../freetype-2.5.2/include -I/Applications/XCode.app/Contents/Developer/Platforms/MacOSX.platform/Developer/SDKs/MacOSX10.8.sdk/usr/include -isysroot /Applications/XCode.app/Contents/Developer/Platforms/MacOSX.platform/Developer/SDKs/MacOSX10.8.sdk -arch x86_64 -O2 -I -I../../freetype-2.5.2/include -I/Applications/XCode.app/Contents/Developer/Platforms/MacOSX.platform/Developer/SDKs/MacOSX10.8.sdk/usr/include -isysroot /Applications/XCode.app/Contents/Developer/Platforms/MacOSX.platform/Developer/SDKs/MacOSX10.8.sdk -arch x86_64 -L/Applications/XCode.app/Contents/Developer/Platforms/MacOSX.platform/Developer/SDKs/MacOSX10.8.sdk/usr/lib/ -isysroot /Applications/XCode.app/Contents/Developer/Platforms/MacOSX.platform/Developer/SDKs/MacOSX10.8.sdk -Wl,-syslibroot,/Applications/XCode.app/Contents/Developer/Platforms/MacOSX.platform/Developer/SDKs/MacOSX10.8.sdk -arch x86_64 conftest.c -lX11  >&5
conftest.c:21:10: fatal error: 'X11/Xlib.h' file not found
#include <X11/Xlib.h>
         ^
1 error generated.
configure:15407: $? = 1
configure: failed program was:
| /* confdefs.h */
| #define PACKAGE_NAME "FTGL"
| #define PACKAGE_TARNAME "ftgl"
| #define PACKAGE_VERSION "2.1.3~rc5"
| #define PACKAGE_STRING "FTGL 2.1.3~rc5"
| #define PACKAGE_BUGREPORT "sam@zoy.org"
| #define PACKAGE_URL ""
| #define STDC_HEADERS 1
| #define HAVE_SYS_TYPES_H 1
| #define HAVE_SYS_STAT_H 1
| #define HAVE_STDLIB_H 1
| #define HAVE_STRING_H 1
| #define HAVE_MEMORY_H 1
| #define HAVE_STRINGS_H 1
| #define HAVE_INTTYPES_H 1
| #define HAVE_STDINT_H 1
| #define HAVE_UNISTD_H 1
| #define HAVE_DLFCN_H 1
| #define LT_OBJDIR ".libs/"
| /* end confdefs.h.  */
| #include <X11/Xlib.h>
| int
| main ()
| {
| XrmInitialize ()
|   ;
|   return 0;
| }
configure:15457: result: libraries /usr/X11/lib, headers /usr/X11/include
configure:15481: checking whether -R must be followed by a space
configure:15497: gcc -o conftest -O2 -I../../freetype-2.5.2/include -I/Applications/XCode.app/Contents/Developer/Platforms/MacOSX.platform/Developer/SDKs/MacOSX10.8.sdk/usr/include -isysroot /Applications/XCode.app/Contents/Developer/Platforms/MacOSX.platform/Developer/SDKs/MacOSX10.8.sdk -arch x86_64 -O2 -I -I../../freetype-2.5.2/include -I/Applications/XCode.app/Contents/Developer/Platforms/MacOSX.platform/Developer/SDKs/MacOSX10.8.sdk/usr/include -isysroot /Applications/XCode.app/Contents/Developer/Platforms/MacOSX.platform/Developer/SDKs/MacOSX10.8.sdk -arch x86_64 -L/Applications/XCode.app/Contents/Developer/Platforms/MacOSX.platform/Developer/SDKs/MacOSX10.8.sdk/usr/lib/ -isysroot /Applications/XCode.app/Contents/Developer/Platforms/MacOSX.platform/Developer/SDKs/MacOSX10.8.sdk -Wl,-syslibroot,/Applications/XCode.app/Contents/Developer/Platforms/MacOSX.platform/Developer/SDKs/MacOSX10.8.sdk -arch x86_64 conftest.c  -R/usr/X11/lib >&5
clang: warning: argument unused during compilation: '-R/usr/X11/lib'
configure:15497: $? = 0
configure: failed program was:
| /* confdefs.h */
| #define PACKAGE_NAME "FTGL"
| #define PACKAGE_TARNAME "ftgl"
| #define PACKAGE_VERSION "2.1.3~rc5"
| #define PACKAGE_STRING "FTGL 2.1.3~rc5"
| #define PACKAGE_BUGREPORT "sam@zoy.org"
| #define PACKAGE_URL ""
| #define STDC_HEADERS 1
| #define HAVE_SYS_TYPES_H 1
| #define HAVE_SYS_STAT_H 1
| #define HAVE_STDLIB_H 1
| #define HAVE_STRING_H 1
| #define HAVE_MEMORY_H 1
| #define HAVE_STRINGS_H 1
| #define HAVE_INTTYPES_H 1
| #define HAVE_STDINT_H 1
| #define HAVE_UNISTD_H 1
| #define HAVE_DLFCN_H 1
| #define LT_OBJDIR ".libs/"
| /* end confdefs.h.  */
| 
| int
| main ()
| {
| 
|   ;
|   return 0;
| }
configure:15514: gcc -o conftest -O2 -I../../freetype-2.5.2/include -I/Applications/XCode.app/Contents/Developer/Platforms/MacOSX.platform/Developer/SDKs/MacOSX10.8.sdk/usr/include -isysroot /Applications/XCode.app/Contents/Developer/Platforms/MacOSX.platform/Developer/SDKs/MacOSX10.8.sdk -arch x86_64 -O2 -I -I../../freetype-2.5.2/include -I/Applications/XCode.app/Contents/Developer/Platforms/MacOSX.platform/Developer/SDKs/MacOSX10.8.sdk/usr/include -isysroot /Applications/XCode.app/Contents/Developer/Platforms/MacOSX.platform/Developer/SDKs/MacOSX10.8.sdk -arch x86_64 -L/Applications/XCode.app/Contents/Developer/Platforms/MacOSX.platform/Developer/SDKs/MacOSX10.8.sdk/usr/lib/ -isysroot /Applications/XCode.app/Contents/Developer/Platforms/MacOSX.platform/Developer/SDKs/MacOSX10.8.sdk -Wl,-syslibroot,/Applications/XCode.app/Contents/Developer/Platforms/MacOSX.platform/Developer/SDKs/MacOSX10.8.sdk -arch x86_64 conftest.c  -R /usr/X11/lib >&5
clang: warning: argument unused during compilation: '-R'
ld: can't map file, errno=22 file '/usr/X11/lib' for architecture x86_64
clang: error: linker command failed with exit code 1 (use -v to see invocation)
configure:15514: $? = 1
configure: failed program was:
| /* confdefs.h */
| #define PACKAGE_NAME "FTGL"
| #define PACKAGE_TARNAME "ftgl"
| #define PACKAGE_VERSION "2.1.3~rc5"
| #define PACKAGE_STRING "FTGL 2.1.3~rc5"
| #define PACKAGE_BUGREPORT "sam@zoy.org"
| #define PACKAGE_URL ""
| #define STDC_HEADERS 1
| #define HAVE_SYS_TYPES_H 1
| #define HAVE_SYS_STAT_H 1
| #define HAVE_STDLIB_H 1
| #define HAVE_STRING_H 1
| #define HAVE_MEMORY_H 1
| #define HAVE_STRINGS_H 1
| #define HAVE_INTTYPES_H 1
| #define HAVE_STDINT_H 1
| #define HAVE_UNISTD_H 1
| #define HAVE_DLFCN_H 1
| #define LT_OBJDIR ".libs/"
| /* end confdefs.h.  */
| 
| int
| main ()
| {
| 
|   ;
|   return 0;
| }
configure:15519: result: neither works
configure:15560: gcc -o conftest -O2 -I../../freetype-2.5.2/include -I/Applications/XCode.app/Contents/Developer/Platforms/MacOSX.platform/Developer/SDKs/MacOSX10.8.sdk/usr/include -isysroot /Applications/XCode.app/Contents/Developer/Platforms/MacOSX.platform/Developer/SDKs/MacOSX10.8.sdk -arch x86_64 -O2 -I -I../../freetype-2.5.2/include -I/Applications/XCode.app/Contents/Developer/Platforms/MacOSX.platform/Developer/SDKs/MacOSX10.8.sdk/usr/include -isysroot /Applications/XCode.app/Contents/Developer/Platforms/MacOSX.platform/Developer/SDKs/MacOSX10.8.sdk -arch x86_64 -L/Applications/XCode.app/Contents/Developer/Platforms/MacOSX.platform/Developer/SDKs/MacOSX10.8.sdk/usr/lib/ -isysroot /Applications/XCode.app/Contents/Developer/Platforms/MacOSX.platform/Developer/SDKs/MacOSX10.8.sdk -Wl,-syslibroot,/Applications/XCode.app/Contents/Developer/Platforms/MacOSX.platform/Developer/SDKs/MacOSX10.8.sdk -arch x86_64 conftest.c   -L/usr/X11/lib -lX11 >&5
configure:15560: $? = 0
configure:15658: checking for gethostbyname
configure:15658: gcc -o conftest -O2 -I../../freetype-2.5.2/include -I/Applications/XCode.app/Contents/Developer/Platforms/MacOSX.platform/Developer/SDKs/MacOSX10.8.sdk/usr/include -isysroot /Applications/XCode.app/Contents/Developer/Platforms/MacOSX.platform/Developer/SDKs/MacOSX10.8.sdk -arch x86_64 -O2 -I -I../../freetype-2.5.2/include -I/Applications/XCode.app/Contents/Developer/Platforms/MacOSX.platform/Developer/SDKs/MacOSX10.8.sdk/usr/include -isysroot /Applications/XCode.app/Contents/Developer/Platforms/MacOSX.platform/Developer/SDKs/MacOSX10.8.sdk -arch x86_64 -L/Applications/XCode.app/Contents/Developer/Platforms/MacOSX.platform/Developer/SDKs/MacOSX10.8.sdk/usr/lib/ -isysroot /Applications/XCode.app/Contents/Developer/Platforms/MacOSX.platform/Developer/SDKs/MacOSX10.8.sdk -Wl,-syslibroot,/Applications/XCode.app/Contents/Developer/Platforms/MacOSX.platform/Developer/SDKs/MacOSX10.8.sdk -arch x86_64 conftest.c  >&5
configure:15658: $? = 0
configure:15658: result: yes
configure:15755: checking for connect
configure:15755: gcc -o conftest -O2 -I../../freetype-2.5.2/include -I/Applications/XCode.app/Contents/Developer/Platforms/MacOSX.platform/Developer/SDKs/MacOSX10.8.sdk/usr/include -isysroot /Applications/XCode.app/Contents/Developer/Platforms/MacOSX.platform/Developer/SDKs/MacOSX10.8.sdk -arch x86_64 -O2 -I -I../../freetype-2.5.2/include -I/Applications/XCode.app/Contents/Developer/Platforms/MacOSX.platform/Developer/SDKs/MacOSX10.8.sdk/usr/include -isysroot /Applications/XCode.app/Contents/Developer/Platforms/MacOSX.platform/Developer/SDKs/MacOSX10.8.sdk -arch x86_64 -L/Applications/XCode.app/Contents/Developer/Platforms/MacOSX.platform/Developer/SDKs/MacOSX10.8.sdk/usr/lib/ -isysroot /Applications/XCode.app/Contents/Developer/Platforms/MacOSX.platform/Developer/SDKs/MacOSX10.8.sdk -Wl,-syslibroot,/Applications/XCode.app/Contents/Developer/Platforms/MacOSX.platform/Developer/SDKs/MacOSX10.8.sdk -arch x86_64 conftest.c  >&5
configure:15755: $? = 0
configure:15755: result: yes
configure:15804: checking for remove
configure:15804: gcc -o conftest -O2 -I../../freetype-2.5.2/include -I/Applications/XCode.app/Contents/Developer/Platforms/MacOSX.platform/Developer/SDKs/MacOSX10.8.sdk/usr/include -isysroot /Applications/XCode.app/Contents/Developer/Platforms/MacOSX.platform/Developer/SDKs/MacOSX10.8.sdk -arch x86_64 -O2 -I -I../../freetype-2.5.2/include -I/Applications/XCode.app/Contents/Developer/Platforms/MacOSX.platform/Developer/SDKs/MacOSX10.8.sdk/usr/include -isysroot /Applications/XCode.app/Contents/Developer/Platforms/MacOSX.platform/Developer/SDKs/MacOSX10.8.sdk -arch x86_64 -L/Applications/XCode.app/Contents/Developer/Platforms/MacOSX.platform/Developer/SDKs/MacOSX10.8.sdk/usr/lib/ -isysroot /Applications/XCode.app/Contents/Developer/Platforms/MacOSX.platform/Developer/SDKs/MacOSX10.8.sdk -Wl,-syslibroot,/Applications/XCode.app/Contents/Developer/Platforms/MacOSX.platform/Developer/SDKs/MacOSX10.8.sdk -arch x86_64 conftest.c  >&5
configure:15804: $? = 0
configure:15804: result: yes
configure:15853: checking for shmat
configure:15853: gcc -o conftest -O2 -I../../freetype-2.5.2/include -I/Applications/XCode.app/Contents/Developer/Platforms/MacOSX.platform/Developer/SDKs/MacOSX10.8.sdk/usr/include -isysroot /Applications/XCode.app/Contents/Developer/Platforms/MacOSX.platform/Developer/SDKs/MacOSX10.8.sdk -arch x86_64 -O2 -I -I../../freetype-2.5.2/include -I/Applications/XCode.app/Contents/Developer/Platforms/MacOSX.platform/Developer/SDKs/MacOSX10.8.sdk/usr/include -isysroot /Applications/XCode.app/Contents/Developer/Platforms/MacOSX.platform/Developer/SDKs/MacOSX10.8.sdk -arch x86_64 -L/Applications/XCode.app/Contents/Developer/Platforms/MacOSX.platform/Developer/SDKs/MacOSX10.8.sdk/usr/lib/ -isysroot /Applications/XCode.app/Contents/Developer/Platforms/MacOSX.platform/Developer/SDKs/MacOSX10.8.sdk -Wl,-syslibroot,/Applications/XCode.app/Contents/Developer/Platforms/MacOSX.platform/Developer/SDKs/MacOSX10.8.sdk -arch x86_64 conftest.c  >&5
configure:15853: $? = 0
configure:15853: result: yes
configure:15911: checking for IceConnectionNumber in -lICE
configure:15936: gcc -o conftest -O2 -I../../freetype-2.5.2/include -I/Applications/XCode.app/Contents/Developer/Platforms/MacOSX.platform/Developer/SDKs/MacOSX10.8.sdk/usr/include -isysroot /Applications/XCode.app/Contents/Developer/Platforms/MacOSX.platform/Developer/SDKs/MacOSX10.8.sdk -arch x86_64 -O2 -I -I../../freetype-2.5.2/include -I/Applications/XCode.app/Contents/Developer/Platforms/MacOSX.platform/Developer/SDKs/MacOSX10.8.sdk/usr/include -isysroot /Applications/XCode.app/Contents/Developer/Platforms/MacOSX.platform/Developer/SDKs/MacOSX10.8.sdk -arch x86_64 -L/Applications/XCode.app/Contents/Developer/Platforms/MacOSX.platform/Developer/SDKs/MacOSX10.8.sdk/usr/lib/ -isysroot /Applications/XCode.app/Contents/Developer/Platforms/MacOSX.platform/Developer/SDKs/MacOSX10.8.sdk -Wl,-syslibroot,/Applications/XCode.app/Contents/Developer/Platforms/MacOSX.platform/Developer/SDKs/MacOSX10.8.sdk -arch x86_64 -L/usr/X11/lib conftest.c -lICE   >&5
configure:15936: $? = 0
configure:15945: result: yes
configure:15973: checking for doxygen
configure:16004: result: no
configure:16024: checking for pdflatex
configure:16055: result: no
configure:16065: checking for kpsewhich
configure:16096: result: no
configure:16106: checking for dvips
configure:16137: result: no
configure:16147: checking for convert
configure:16178: result: no
configure:16188: checking for epstopdf
configure:16219: result: no
configure:16410: creating ./config.status

## ---------------------- ##
## Running config.status. ##
## ---------------------- ##

This file was extended by FTGL config.status 2.1.3~rc5, which was
generated by GNU Autoconf 2.68.  Invocation command line was

  CONFIG_FILES    = 
  CONFIG_HEADERS  = 
  CONFIG_LINKS    = 
  CONFIG_COMMANDS = 
  $ ./config.status 

on cmc-mbp17.local

config.status:1176: creating ftgl.pc
config.status:1176: creating Makefile
config.status:1176: creating docs/Makefile
config.status:1176: creating docs/doxygen.cfg
config.status:1176: creating src/Makefile
config.status:1176: creating config.h
config.status:1357: config.h is unchanged
config.status:1405: executing depfiles commands
config.status:1405: executing libtool commands
configure:18936: result: Done.
configure:18938: result: 
configure:18940: result: FTGL configured with the following settings:
configure:18942: result: 
configure:18944: result:              Prefix: /usr/local
configure:18946: result:            Binaries: /usr/local/bin
configure:18948: result: Configuration files: /usr/local/etc
configure:18950: result:          Data files: /usr/local/share
configure:18952: result: 
configure:18954: result: CC       = gcc
configure:18956: result: CXX      = g++
configure:18959: result: CFLAGS   = -O2 -I../../freetype-2.5.2/include -I/Applications/XCode.app/Contents/Developer/Platforms/MacOSX.platform/Developer/SDKs/MacOSX10.8.sdk/usr/include -isysroot /Applications/XCode.app/Contents/Developer/Platforms/MacOSX.platform/Developer/SDKs/MacOSX10.8.sdk -arch x86_64 -Waggregate-return -Wstrict-prototypes -Wmissing-prototypes -Wnested-externs
configure:18963: result: CXXFLAGS = -O2 -I../../freetype-2.5.2/include -I/Applications/XCode.app/Contents/Developer/Platforms/MacOSX.platform/Developer/SDKs/MacOSX10.8.sdk/usr/include -isysroot /Applications/XCode.app/Contents/Developer/Platforms/MacOSX.platform/Developer/SDKs/MacOSX10.8.sdk -arch x86_64
configure:18967: result: CPPFLAGS = -O2 -I -I../../freetype-2.5.2/include -I/Applications/XCode.app/Contents/Developer/Platforms/MacOSX.platform/Developer/SDKs/MacOSX10.8.sdk/usr/include -isysroot /Applications/XCode.app/Contents/Developer/Platforms/MacOSX.platform/Developer/SDKs/MacOSX10.8.sdk -arch x86_64 -I${top_srcdir}/src -Wall -Wpointer-arith -Wcast-align -Wcast-qual -Wshadow -Wsign-compare
configure:18971: result: LDFLAGS  = -L/Applications/XCode.app/Contents/Developer/Platforms/MacOSX.platform/Developer/SDKs/MacOSX10.8.sdk/usr/lib/ -isysroot /Applications/XCode.app/Contents/Developer/Platforms/MacOSX.platform/Developer/SDKs/MacOSX10.8.sdk -Wl,-syslibroot,/Applications/XCode.app/Contents/Developer/Platforms/MacOSX.platform/Developer/SDKs/MacOSX10.8.sdk -arch x86_64
configure:18978: result: 
configure:18980: result: ---
configure:18982: result: ./configure complete, type 'make' to begin building
configure:18984: result: 

## ---------------- ##
## Cache variables. ##
## ---------------- ##

ac_cv_build=i386-apple-darwin13.0.0
ac_cv_c_compiler_gnu=yes
ac_cv_cxx_compiler_gnu=yes
ac_cv_env_CCC_set=
ac_cv_env_CCC_value=
ac_cv_env_CC_set=
ac_cv_env_CC_value=
ac_cv_env_CFLAGS_set=set
ac_cv_env_CFLAGS_value='-O2 -I../../freetype-2.5.2/include -I/Applications/XCode.app/Contents/Developer/Platforms/MacOSX.platform/Developer/SDKs/MacOSX10.8.sdk/usr/include -isysroot /Applications/XCode.app/Contents/Developer/Platforms/MacOSX.platform/Developer/SDKs/MacOSX10.8.sdk -arch x86_64'
ac_cv_env_CPPFLAGS_set=set
ac_cv_env_CPPFLAGS_value='-O2 -I -I../../freetype-2.5.2/include -I/Applications/XCode.app/Contents/Developer/Platforms/MacOSX.platform/Developer/SDKs/MacOSX10.8.sdk/usr/include -isysroot /Applications/XCode.app/Contents/Developer/Platforms/MacOSX.platform/Developer/SDKs/MacOSX10.8.sdk -arch x86_64'
ac_cv_env_CPP_set=
ac_cv_env_CPP_value=
ac_cv_env_CXXCPP_set=
ac_cv_env_CXXCPP_value=
ac_cv_env_CXXFLAGS_set=set
ac_cv_env_CXXFLAGS_value='-O2 -I../../freetype-2.5.2/include -I/Applications/XCode.app/Contents/Developer/Platforms/MacOSX.platform/Developer/SDKs/MacOSX10.8.sdk/usr/include -isysroot /Applications/XCode.app/Contents/Developer/Platforms/MacOSX.platform/Developer/SDKs/MacOSX10.8.sdk -arch x86_64'
ac_cv_env_CXX_set=
ac_cv_env_CXX_value=
ac_cv_env_LDFLAGS_set=set
ac_cv_env_LDFLAGS_value='-L/Applications/XCode.app/Contents/Developer/Platforms/MacOSX.platform/Developer/SDKs/MacOSX10.8.sdk/usr/lib/ -isysroot /Applications/XCode.app/Contents/Developer/Platforms/MacOSX.platform/Developer/SDKs/MacOSX10.8.sdk -Wl,-syslibroot,/Applications/XCode.app/Contents/Developer/Platforms/MacOSX.platform/Developer/SDKs/MacOSX10.8.sdk -arch x86_64'
ac_cv_env_LIBS_set=
ac_cv_env_LIBS_value=
ac_cv_env_XMKMF_set=
ac_cv_env_XMKMF_value=
ac_cv_env_build_alias_set=
ac_cv_env_build_alias_value=
ac_cv_env_host_alias_set=set
ac_cv_env_host_alias_value=x86_64
ac_cv_env_target_alias_set=
ac_cv_env_target_alias_value=
ac_cv_func_connect=yes
ac_cv_func_gethostbyname=yes
ac_cv_func_remove=yes
ac_cv_func_shmat=yes
ac_cv_have_x='have_x=yes	ac_x_includes='\''/usr/X11/include'\''	ac_x_libraries='\''/usr/X11/lib'\'''
ac_cv_header_dlfcn_h=yes
ac_cv_header_inttypes_h=yes
ac_cv_header_memory_h=yes
ac_cv_header_stdc=yes
ac_cv_header_stdint_h=yes
ac_cv_header_stdlib_h=yes
ac_cv_header_string_h=yes
ac_cv_header_strings_h=yes
ac_cv_header_sys_stat_h=yes
ac_cv_header_sys_types_h=yes
ac_cv_header_unistd_h=yes
ac_cv_host=x86_64-pc-none
ac_cv_lib_ICE_IceConnectionNumber=yes
ac_cv_objext=o
ac_cv_path_CONVERT=no
ac_cv_path_DOXYGEN=no
ac_cv_path_DVIPS=no
ac_cv_path_EGREP='/usr/bin/grep -E'
ac_cv_path_EPSTOPDF=no
ac_cv_path_FGREP='/usr/bin/grep -F'
ac_cv_path_GREP=/usr/bin/grep
ac_cv_path_KPSEWHICH=no
ac_cv_path_LATEX=no
ac_cv_path_SED=/usr/bin/sed
ac_cv_path_install='/usr/bin/install -c'
ac_cv_prog_AWK=awk
ac_cv_prog_CPP='gcc -E'
ac_cv_prog_CXXCPP='g++ -E'
ac_cv_prog_STRIP=strip
ac_cv_prog_ac_ct_AR=ar
ac_cv_prog_ac_ct_CC=gcc
ac_cv_prog_ac_ct_CXX=g++
ac_cv_prog_ac_ct_DUMPBIN='link -dump'
ac_cv_prog_ac_ct_RANLIB=ranlib
ac_cv_prog_ac_ct_STRIP=strip
ac_cv_prog_cc_c89=
ac_cv_prog_cc_g=yes
ac_cv_prog_cxx_g=yes
ac_cv_prog_make_make_set=yes
am_cv_CC_dependencies_compiler_type=gcc3
am_cv_CXX_dependencies_compiler_type=gcc3
lt_cv_ar_at_file=no
lt_cv_deplibs_check_method=unknown
lt_cv_file_magic_cmd='$MAGIC_CMD'
lt_cv_file_magic_test_file=
lt_cv_ld_reload_flag=-r
lt_cv_nm_interface='BSD nm'
lt_cv_objdir=.libs
lt_cv_path_LD=/Applications/Xcode.app/Contents/Developer/Toolchains/XcodeDefault.xctoolchain/usr/bin/ld
lt_cv_path_LDCXX=/Applications/Xcode.app/Contents/Developer/Toolchains/XcodeDefault.xctoolchain/usr/bin/ld
lt_cv_path_NM=no
lt_cv_path_mainfest_tool=no
lt_cv_prog_compiler_c_o=yes
lt_cv_prog_compiler_c_o_CXX=yes
lt_cv_prog_compiler_pic='-fPIC -DPIC'
lt_cv_prog_compiler_pic_CXX='-fPIC -DPIC'
lt_cv_prog_compiler_pic_works=yes
lt_cv_prog_compiler_pic_works_CXX=yes
lt_cv_prog_compiler_rtti_exceptions=yes
lt_cv_prog_compiler_static_works=no
lt_cv_prog_compiler_static_works_CXX=no
lt_cv_prog_gnu_ld=no
lt_cv_prog_gnu_ldcxx=no
lt_cv_sharedlib_from_linklib_cmd='printf %s\n'
lt_cv_sys_global_symbol_pipe='sed -n -e '\''s/^.*[	 ]\([BCDEGRST][BCDEGRST]*\)[	 ][	 ]*_\([_A-Za-z][_A-Za-z0-9]*\)$/\1 _\2 \2/p'\'' | sed '\''/ __gnu_lto/d'\'''
lt_cv_sys_global_symbol_to_c_name_address='sed -n -e '\''s/^: \([^ ]*\)[ ]*$/  {\"\1\", (void *) 0},/p'\'' -e '\''s/^[BCDEGRST]* \([^ ]*\) \([^ ]*\)$/  {"\2", (void *) \&\2},/p'\'''
lt_cv_sys_global_symbol_to_c_name_address_lib_prefix='sed -n -e '\''s/^: \([^ ]*\)[ ]*$/  {\"\1\", (void *) 0},/p'\'' -e '\''s/^[BCDEGRST]* \([^ ]*\) \(lib[^ ]*\)$/  {"\2", (void *) \&\2},/p'\'' -e '\''s/^[BCDEGRST]* \([^ ]*\) \([^ ]*\)$/  {"lib\2", (void *) \&\2},/p'\'''
lt_cv_sys_global_symbol_to_cdecl='sed -n -e '\''s/^T .* \(.*\)$/extern int \1();/p'\'' -e '\''s/^[BCDEGRST]* .* \(.*\)$/extern char \1;/p'\'''
lt_cv_sys_max_cmd_len=196608
lt_cv_to_host_file_cmd=func_convert_file_noop
lt_cv_to_tool_file_cmd=func_convert_file_noop

## ----------------- ##
## Output variables. ##
## ----------------- ##

ACLOCAL='${SHELL} /Users/carlgt1/projects/qcn/ftgl-2.1.3/.auto/missing --run aclocal-1.11'
AMDEPBACKSLASH='\'
AMDEP_FALSE='#'
AMDEP_TRUE=''
AMTAR='${SHELL} /Users/carlgt1/projects/qcn/ftgl-2.1.3/.auto/missing --run tar'
AR='ar'
AUTOCONF='${SHELL} /Users/carlgt1/projects/qcn/ftgl-2.1.3/.auto/missing --run autoconf'
AUTOHEADER='${SHELL} /Users/carlgt1/projects/qcn/ftgl-2.1.3/.auto/missing --run autoheader'
AUTOMAKE='${SHELL} /Users/carlgt1/projects/qcn/ftgl-2.1.3/.auto/missing --run automake-1.11'
AWK='awk'
CC='gcc'
CCDEPMODE='depmode=gcc3'
CFLAGS='-O2 -I../../freetype-2.5.2/include -I/Applications/XCode.app/Contents/Developer/Platforms/MacOSX.platform/Developer/SDKs/MacOSX10.8.sdk/usr/include -isysroot /Applications/XCode.app/Contents/Developer/Platforms/MacOSX.platform/Developer/SDKs/MacOSX10.8.sdk -arch x86_64 -Waggregate-return -Wstrict-prototypes -Wmissing-prototypes -Wnested-externs'
CONVERT='no'
CPP='gcc -E'
CPPFLAGS='-O2 -I -I../../freetype-2.5.2/include -I/Applications/XCode.app/Contents/Developer/Platforms/MacOSX.platform/Developer/SDKs/MacOSX10.8.sdk/usr/include -isysroot /Applications/XCode.app/Contents/Developer/Platforms/MacOSX.platform/Developer/SDKs/MacOSX10.8.sdk -arch x86_64 -I${top_srcdir}/src -Wall -Wpointer-arith -Wcast-align -Wcast-qual -Wshadow -Wsign-compare'
CXX='g++'
CXXCPP='g++ -E'
CXXDEPMODE='depmode=gcc3'
CXXFLAGS='-O2 -I../../freetype-2.5.2/include -I/Applications/XCode.app/Contents/Developer/Platforms/MacOSX.platform/Developer/SDKs/MacOSX10.8.sdk/usr/include -isysroot /Applications/XCode.app/Contents/Developer/Platforms/MacOSX.platform/Developer/SDKs/MacOSX10.8.sdk -arch x86_64'
CYGPATH_W='echo'
DEFS='-DHAVE_CONFIG_H'
DEPDIR='.deps'
DLLTOOL='false'
DOXYGEN='no'
DSYMUTIL=''
DUMPBIN=':'
DVIPS='no'
ECHO_C='\c'
ECHO_N=''
ECHO_T=''
EGREP='/usr/bin/grep -E'
EPSTOPDF='no'
EXEEXT=''
FGREP='/usr/bin/grep -F'
GREP='/usr/bin/grep'
HAVE_DOXYGEN_FALSE=''
HAVE_DOXYGEN_TRUE='#'
HAVE_LATEX_FALSE=''
HAVE_LATEX_TRUE='#'
INSTALL_DATA='${INSTALL} -m 644'
INSTALL_PROGRAM='${INSTALL}'
INSTALL_SCRIPT='${INSTALL}'
INSTALL_STRIP_PROGRAM='$(install_sh) -c -s'
KPSEWHICH='no'
LATEX='no'
LD='/Applications/Xcode.app/Contents/Developer/Toolchains/XcodeDefault.xctoolchain/usr/bin/ld'
LDFLAGS='-L/Applications/XCode.app/Contents/Developer/Platforms/MacOSX.platform/Developer/SDKs/MacOSX10.8.sdk/usr/lib/ -isysroot /Applications/XCode.app/Contents/Developer/Platforms/MacOSX.platform/Developer/SDKs/MacOSX10.8.sdk -Wl,-syslibroot,/Applications/XCode.app/Contents/Developer/Platforms/MacOSX.platform/Developer/SDKs/MacOSX10.8.sdk -arch x86_64'
LIBOBJS=''
LIBS=''
LIBTOOL='$(SHELL) $(top_builddir)/libtool'
LIPO=''
LN_S='ln -s'
LTLIBOBJS=''
LT_MAJOR='2'
LT_MICRO='3'
LT_MINOR='1'
LT_VERSION='2:1:3'
MAKEINFO='${SHELL} /Users/carlgt1/projects/qcn/ftgl-2.1.3/.auto/missing --run makeinfo'
MANIFEST_TOOL=':'
MKDIR_P='.auto/install-sh -c -d'
NM='nm'
NMEDIT=''
OBJDUMP='false'
OBJEXT='o'
OTOOL64=''
OTOOL=''
PACKAGE='ftgl'
PACKAGE_BUGREPORT='sam@zoy.org'
PACKAGE_NAME='FTGL'
PACKAGE_STRING='FTGL 2.1.3~rc5'
PACKAGE_TARNAME='ftgl'
PACKAGE_URL=''
PACKAGE_VERSION='2.1.3~rc5'
PATH_SEPARATOR=':'
RANLIB='ranlib'
SED='/usr/bin/sed'
SET_MAKE=''
SHELL='/bin/sh'
STRIP='strip'
VERSION='2.1.3~rc5'
XMKMF=''
X_CFLAGS=' -I/usr/X11/include'
X_EXTRA_LIBS=''
X_LIBS=' -L/usr/X11/lib'
X_PRE_LIBS=' -lSM -lICE'
ac_ct_AR='ar'
ac_ct_CC='gcc'
ac_ct_CXX='g++'
ac_ct_DUMPBIN='link -dump'
am__EXEEXT_FALSE=''
am__EXEEXT_TRUE='#'
am__fastdepCC_FALSE='#'
am__fastdepCC_TRUE=''
am__fastdepCXX_FALSE='#'
am__fastdepCXX_TRUE=''
am__include='include'
am__isrc=''
am__leading_dot='.'
am__quote=''
am__tar='${AMTAR} chof - "$$tardir"'
am__untar='${AMTAR} xf -'
bindir='/usr/local/bin'
build='i386-apple-darwin13.0.0'
build_alias=''
build_cpu='i386'
build_os='darwin13.0.0'
build_vendor='apple'
datadir='/usr/local/share'
datarootdir='${prefix}/share'
docdir='${datarootdir}/doc/${PACKAGE_TARNAME}'
dvidir='${docdir}'
exec_prefix='${prefix}'
host='x86_64-pc-none'
host_alias='x86_64'
host_cpu='x86_64'
host_os='none'
host_vendor='pc'
htmldir='${docdir}'
includedir='${prefix}/include'
infodir='${datarootdir}/info'
install_sh='${SHELL} /Users/carlgt1/projects/qcn/ftgl-2.1.3/.auto/install-sh'
libdir='${exec_prefix}/lib'
libexecdir='${exec_prefix}/libexec'
localedir='${datarootdir}/locale'
localstatedir='${prefix}/var'
mandir='/usr/local/share/man'
mkdir_p='$(top_builddir)/.auto/install-sh -c -d'
oldincludedir='/usr/include'
pdfdir='${docdir}'
prefix='/usr/local'
program_transform_name='s,x,x,'
psdir='${docdir}'
sbindir='${exec_prefix}/sbin'
sharedstatedir='${prefix}/com'
sysconfdir='/usr/local/etc'
target_alias=''

## ----------- ##
## confdefs.h. ##
## ----------- ##

/* confdefs.h */
#define PACKAGE_NAME "FTGL"
#define PACKAGE_TARNAME "ftgl"
#define PACKAGE_VERSION "2.1.3~rc5"
#define PACKAGE_STRING "FTGL 2.1.3~rc5"
#define PACKAGE_BUGREPORT "sam@zoy.org"
#define PACKAGE_URL ""
#define STDC_HEADERS 1
#define HAVE_SYS_TYPES_H 1
#define HAVE_SYS_STAT_H 1
#define HAVE_STDLIB_H 1
#define HAVE_STRING_H 1
#define HAVE_MEMORY_H 1
#define HAVE_STRINGS_H 1
#define HAVE_INTTYPES_H 1
#define HAVE_STDINT_H 1
#define HAVE_UNISTD_H 1
#define HAVE_DLFCN_H 1
#define LT_OBJDIR ".libs/"

configure: exit 0
